<?xml version="1.0" encoding="UTF-8"?>
<!-- Generated by org.testng.reporters.JUnitReportReporter -->
<testsuite hostname="LAPTOP-ADJS9N2Q" failures="0" tests="1" name="com.crm.VtigerLoginPageTest.Vtiger_InsertMultipleValueIntoExcelTest" time="10.016" errors="0" timestamp="2022-08-05T15:04:41 IST" skipped="0">
  <testcase classname="com.crm.VtigerLoginPageTest.Vtiger_InsertMultipleValueIntoExcelTest" name="vtiger_InsertMultipleVlaueIntoExcelTest" time="10.016"/>
  <system-out/>
</testsuite> <!-- com.crm.VtigerLoginPageTest.Vtiger_InsertMultipleValueIntoExcelTest -->
